160510 21:14:32 mysqld_safe Starting mysqld daemon with databases from /nfs/2014/a/achazal/camagru/private/sql_data
160510 21:14:32 [Note] /nfs/2014/a/achazal/camagru/private/mysql/bin/mysqld (mysqld 5.5.49) starting as process 21928 ...
160510 21:14:32 [Note] Plugin 'FEDERATED' is disabled.
160510 21:14:32 InnoDB: The InnoDB memory heap is disabled
160510 21:14:32 InnoDB: Mutexes and rw_locks use GCC atomic builtins
160510 21:14:32 InnoDB: Compressed tables use zlib 1.2.3
160510 21:14:32 InnoDB: Initializing buffer pool, size = 128.0M
160510 21:14:32 InnoDB: Completed initialization of buffer pool
InnoDB: Unable to lock ./ibdata1, error: 45
160510 21:14:32  InnoDB: Retrying to lock the first data file
InnoDB: Unable to lock ./ibdata1, error: 45
InnoDB: Unable to lock ./ibdata1, error: 45
InnoDB: Unable to lock ./ibdata1, error: 45
InnoDB: Unable to lock ./ibdata1, error: 45
InnoDB: Unable to lock ./ibdata1, error: 45
InnoDB: Unable to lock ./ibdata1, error: 45
InnoDB: Unable to lock ./ibdata1, error: 45
InnoDB: Unable to lock ./ibdata1, error: 45
InnoDB: Unable to lock ./ibdata1, error: 45
InnoDB: Unable to lock ./ibdata1, error: 45
InnoDB: Unable to lock ./ibdata1, error: 45
InnoDB: Unable to lock ./ibdata1, error: 45
InnoDB: Unable to lock ./ibdata1, error: 45
InnoDB: Unable to lock ./ibdata1, error: 45
InnoDB: Unable to lock ./ibdata1, error: 45
InnoDB: Unable to lock ./ibdata1, error: 45
InnoDB: Unable to lock ./ibdata1, error: 45
InnoDB: Unable to lock ./ibdata1, error: 45
InnoDB: Unable to lock ./ibdata1, error: 45
InnoDB: Unable to lock ./ibdata1, error: 45
InnoDB: Unable to lock ./ibdata1, error: 45
InnoDB: Unable to lock ./ibdata1, error: 45
InnoDB: Unable to lock ./ibdata1, error: 45
InnoDB: Unable to lock ./ibdata1, error: 45
InnoDB: Unable to lock ./ibdata1, error: 45
InnoDB: Unable to lock ./ibdata1, error: 45
InnoDB: Unable to lock ./ibdata1, error: 45
InnoDB: Unable to lock ./ibdata1, error: 45
InnoDB: Unable to lock ./ibdata1, error: 45
InnoDB: Unable to lock ./ibdata1, error: 45
InnoDB: Unable to lock ./ibdata1, error: 45
InnoDB: Unable to lock ./ibdata1, error: 45
InnoDB: Unable to lock ./ibdata1, error: 45
InnoDB: Unable to lock ./ibdata1, error: 45
InnoDB: Unable to lock ./ibdata1, error: 45
InnoDB: Unable to lock ./ibdata1, error: 45
InnoDB: Unable to lock ./ibdata1, error: 45
InnoDB: Unable to lock ./ibdata1, error: 45
InnoDB: Unable to lock ./ibdata1, error: 45
InnoDB: Unable to lock ./ibdata1, error: 45
InnoDB: Unable to lock ./ibdata1, error: 45
InnoDB: Unable to lock ./ibdata1, error: 45
InnoDB: Unable to lock ./ibdata1, error: 45
InnoDB: Unable to lock ./ibdata1, error: 45
InnoDB: Unable to lock ./ibdata1, error: 45
InnoDB: Unable to lock ./ibdata1, error: 45
InnoDB: Unable to lock ./ibdata1, error: 45
InnoDB: Unable to lock ./ibdata1, error: 45
InnoDB: Unable to lock ./ibdata1, error: 45
InnoDB: Unable to lock ./ibdata1, error: 45
InnoDB: Unable to lock ./ibdata1, error: 45
InnoDB: Unable to lock ./ibdata1, error: 45
InnoDB: Unable to lock ./ibdata1, error: 45
InnoDB: Unable to lock ./ibdata1, error: 45
InnoDB: Unable to lock ./ibdata1, error: 45
InnoDB: Unable to lock ./ibdata1, error: 45
InnoDB: Unable to lock ./ibdata1, error: 45
InnoDB: Unable to lock ./ibdata1, error: 45
InnoDB: Unable to lock ./ibdata1, error: 45
InnoDB: Unable to lock ./ibdata1, error: 45
InnoDB: Unable to lock ./ibdata1, error: 45
InnoDB: Unable to lock ./ibdata1, error: 45
InnoDB: Unable to lock ./ibdata1, error: 45
InnoDB: Unable to lock ./ibdata1, error: 45
InnoDB: Unable to lock ./ibdata1, error: 45
InnoDB: Unable to lock ./ibdata1, error: 45
InnoDB: Unable to lock ./ibdata1, error: 45
InnoDB: Unable to lock ./ibdata1, error: 45
InnoDB: Unable to lock ./ibdata1, error: 45
InnoDB: Unable to lock ./ibdata1, error: 45
InnoDB: Unable to lock ./ibdata1, error: 45
InnoDB: Unable to lock ./ibdata1, error: 45
InnoDB: Unable to lock ./ibdata1, error: 45
InnoDB: Unable to lock ./ibdata1, error: 45
InnoDB: Unable to lock ./ibdata1, error: 45
InnoDB: Unable to lock ./ibdata1, error: 45
160510 21:20:48 mysqld_safe Starting mysqld daemon with databases from /nfs/2014/a/achazal/camagru/private/sql_data
160510 21:20:48 [Note] /goinfre/achazal/camagru/private/mysql/bin/mysqld (mysqld 5.5.49) starting as process 23062 ...
160510 21:20:48 [Note] Plugin 'FEDERATED' is disabled.
160510 21:20:48 InnoDB: The InnoDB memory heap is disabled
160510 21:20:48 InnoDB: Mutexes and rw_locks use GCC atomic builtins
160510 21:20:48 InnoDB: Compressed tables use zlib 1.2.3
160510 21:20:48 InnoDB: Initializing buffer pool, size = 128.0M
160510 21:20:48 InnoDB: Completed initialization of buffer pool
InnoDB: Unable to lock ./ibdata1, error: 45
160510 21:20:48  InnoDB: Retrying to lock the first data file
InnoDB: Unable to lock ./ibdata1, error: 45
InnoDB: Unable to lock ./ibdata1, error: 45
InnoDB: Unable to lock ./ibdata1, error: 45
InnoDB: Unable to lock ./ibdata1, error: 45
InnoDB: Unable to lock ./ibdata1, error: 45
InnoDB: Unable to lock ./ibdata1, error: 45
InnoDB: Unable to lock ./ibdata1, error: 45
InnoDB: Unable to lock ./ibdata1, error: 45
InnoDB: Unable to lock ./ibdata1, error: 45
InnoDB: Unable to lock ./ibdata1, error: 45
InnoDB: Unable to lock ./ibdata1, error: 45
InnoDB: Unable to lock ./ibdata1, error: 45
InnoDB: Unable to lock ./ibdata1, error: 45
InnoDB: Unable to lock ./ibdata1, error: 45
InnoDB: Unable to lock ./ibdata1, error: 45
InnoDB: Unable to lock ./ibdata1, error: 45
InnoDB: Unable to lock ./ibdata1, error: 45
160510 21:28:03 mysqld_safe Starting mysqld daemon with databases from /nfs/2014/a/achazal/camagru/private/sql_data
160510 21:28:03 [Note] /goinfre/achazal/camagru/private/mysql/bin/mysqld (mysqld 5.5.49) starting as process 24228 ...
160510 21:28:03 [Note] Plugin 'FEDERATED' is disabled.
160510 21:28:03 InnoDB: The InnoDB memory heap is disabled
160510 21:28:03 InnoDB: Mutexes and rw_locks use GCC atomic builtins
160510 21:28:03 InnoDB: Compressed tables use zlib 1.2.3
160510 21:28:03 InnoDB: Initializing buffer pool, size = 128.0M
160510 21:28:03 InnoDB: Completed initialization of buffer pool
InnoDB: Unable to lock ./ibdata1, error: 45
160510 21:28:03  InnoDB: Retrying to lock the first data file
InnoDB: Unable to lock ./ibdata1, error: 45
InnoDB: Unable to lock ./ibdata1, error: 45
InnoDB: Unable to lock ./ibdata1, error: 45
InnoDB: Unable to lock ./ibdata1, error: 45
InnoDB: Unable to lock ./ibdata1, error: 45
InnoDB: Unable to lock ./ibdata1, error: 45
InnoDB: Unable to lock ./ibdata1, error: 45
InnoDB: Unable to lock ./ibdata1, error: 45
InnoDB: Unable to lock ./ibdata1, error: 45
InnoDB: Unable to lock ./ibdata1, error: 45
InnoDB: Unable to lock ./ibdata1, error: 45
InnoDB: Unable to lock ./ibdata1, error: 45
InnoDB: Unable to lock ./ibdata1, error: 45
InnoDB: Unable to lock ./ibdata1, error: 45
InnoDB: Unable to lock ./ibdata1, error: 45
InnoDB: Unable to lock ./ibdata1, error: 45
InnoDB: Unable to lock ./ibdata1, error: 45
InnoDB: Unable to lock ./ibdata1, error: 45
InnoDB: Unable to lock ./ibdata1, error: 45
InnoDB: Unable to lock ./ibdata1, error: 45
InnoDB: Unable to lock ./ibdata1, error: 45
InnoDB: Unable to lock ./ibdata1, error: 45
InnoDB: Unable to lock ./ibdata1, error: 45
InnoDB: Unable to lock ./ibdata1, error: 45
InnoDB: Unable to lock ./ibdata1, error: 45
InnoDB: Unable to lock ./ibdata1, error: 45
InnoDB: Unable to lock ./ibdata1, error: 45
InnoDB: Unable to lock ./ibdata1, error: 45
InnoDB: Unable to lock ./ibdata1, error: 45
InnoDB: Unable to lock ./ibdata1, error: 45
InnoDB: Unable to lock ./ibdata1, error: 45
InnoDB: Unable to lock ./ibdata1, error: 45
InnoDB: Unable to lock ./ibdata1, error: 45
InnoDB: Unable to lock ./ibdata1, error: 45
InnoDB: Unable to lock ./ibdata1, error: 45
InnoDB: Unable to lock ./ibdata1, error: 45
InnoDB: Unable to lock ./ibdata1, error: 45
InnoDB: Unable to lock ./ibdata1, error: 45
InnoDB: Unable to lock ./ibdata1, error: 45
InnoDB: Unable to lock ./ibdata1, error: 45
InnoDB: Unable to lock ./ibdata1, error: 45
InnoDB: Unable to lock ./ibdata1, error: 45
InnoDB: Unable to lock ./ibdata1, error: 45
InnoDB: Unable to lock ./ibdata1, error: 45
InnoDB: Unable to lock ./ibdata1, error: 45
InnoDB: Unable to lock ./ibdata1, error: 45
InnoDB: Unable to lock ./ibdata1, error: 45
InnoDB: Unable to lock ./ibdata1, error: 45
