160510 00:55:51 mysqld_safe Starting mysqld daemon with databases from /nfs/2014/a/achazal/camagru/private/sql_data
160510  0:55:52 [Note] /nfs/2014/a/achazal/camagru/private/mysql/bin/mysqld (mysqld 5.5.49) starting as process 21669 ...
160510  0:55:52 [Note] Plugin 'FEDERATED' is disabled.
160510  0:55:52 InnoDB: The InnoDB memory heap is disabled
160510  0:55:52 InnoDB: Mutexes and rw_locks use GCC atomic builtins
160510  0:55:52 InnoDB: Compressed tables use zlib 1.2.3
160510  0:55:52 InnoDB: Initializing buffer pool, size = 128.0M
160510  0:55:52 InnoDB: Completed initialization of buffer pool
InnoDB: Unable to lock ./ibdata1, error: 45
160510  0:55:52  InnoDB: Retrying to lock the first data file
InnoDB: Unable to lock ./ibdata1, error: 45
InnoDB: Unable to lock ./ibdata1, error: 45
InnoDB: Unable to lock ./ibdata1, error: 45
InnoDB: Unable to lock ./ibdata1, error: 45
InnoDB: Unable to lock ./ibdata1, error: 45
InnoDB: Unable to lock ./ibdata1, error: 45
InnoDB: Unable to lock ./ibdata1, error: 45
InnoDB: Unable to lock ./ibdata1, error: 45
InnoDB: Unable to lock ./ibdata1, error: 45
InnoDB: Unable to lock ./ibdata1, error: 45
InnoDB: Unable to lock ./ibdata1, error: 45
InnoDB: Unable to lock ./ibdata1, error: 45
InnoDB: Unable to lock ./ibdata1, error: 45
InnoDB: Unable to lock ./ibdata1, error: 45
InnoDB: Unable to lock ./ibdata1, error: 45
InnoDB: Unable to lock ./ibdata1, error: 45
InnoDB: Unable to lock ./ibdata1, error: 45
InnoDB: Unable to lock ./ibdata1, error: 45
InnoDB: Unable to lock ./ibdata1, error: 45
InnoDB: Unable to lock ./ibdata1, error: 45
InnoDB: Unable to lock ./ibdata1, error: 45
InnoDB: Unable to lock ./ibdata1, error: 45
InnoDB: Unable to lock ./ibdata1, error: 45
InnoDB: Unable to lock ./ibdata1, error: 45
InnoDB: Unable to lock ./ibdata1, error: 45
InnoDB: Unable to lock ./ibdata1, error: 45
InnoDB: Unable to lock ./ibdata1, error: 45
InnoDB: Unable to lock ./ibdata1, error: 45
InnoDB: Unable to lock ./ibdata1, error: 45
InnoDB: Unable to lock ./ibdata1, error: 45
InnoDB: Unable to lock ./ibdata1, error: 45
InnoDB: Unable to lock ./ibdata1, error: 45
InnoDB: Unable to lock ./ibdata1, error: 45
InnoDB: Unable to lock ./ibdata1, error: 45
InnoDB: Unable to lock ./ibdata1, error: 45
InnoDB: Unable to lock ./ibdata1, error: 45
InnoDB: Unable to lock ./ibdata1, error: 45
InnoDB: Unable to lock ./ibdata1, error: 45
InnoDB: Unable to lock ./ibdata1, error: 45
InnoDB: Unable to lock ./ibdata1, error: 45
InnoDB: Unable to lock ./ibdata1, error: 45
InnoDB: Unable to lock ./ibdata1, error: 45
InnoDB: Unable to lock ./ibdata1, error: 45
InnoDB: Unable to lock ./ibdata1, error: 45
InnoDB: Unable to lock ./ibdata1, error: 45
InnoDB: Unable to lock ./ibdata1, error: 45
InnoDB: Unable to lock ./ibdata1, error: 45
InnoDB: Unable to lock ./ibdata1, error: 45
InnoDB: Unable to lock ./ibdata1, error: 45
InnoDB: Unable to lock ./ibdata1, error: 45
InnoDB: Unable to lock ./ibdata1, error: 45
InnoDB: Unable to lock ./ibdata1, error: 45
InnoDB: Unable to lock ./ibdata1, error: 45
InnoDB: Unable to lock ./ibdata1, error: 45
InnoDB: Unable to lock ./ibdata1, error: 45
InnoDB: Unable to lock ./ibdata1, error: 45
InnoDB: Unable to lock ./ibdata1, error: 45
InnoDB: Unable to lock ./ibdata1, error: 45
InnoDB: Unable to lock ./ibdata1, error: 45
InnoDB: Unable to lock ./ibdata1, error: 45
InnoDB: Unable to lock ./ibdata1, error: 45
InnoDB: Unable to lock ./ibdata1, error: 45
InnoDB: Unable to lock ./ibdata1, error: 45
InnoDB: Unable to lock ./ibdata1, error: 45
InnoDB: Unable to lock ./ibdata1, error: 45
InnoDB: Unable to lock ./ibdata1, error: 45
InnoDB: Unable to lock ./ibdata1, error: 45
InnoDB: Unable to lock ./ibdata1, error: 45
InnoDB: Unable to lock ./ibdata1, error: 45
InnoDB: Unable to lock ./ibdata1, error: 45
InnoDB: Unable to lock ./ibdata1, error: 45
InnoDB: Unable to lock ./ibdata1, error: 45
InnoDB: Unable to lock ./ibdata1, error: 45
InnoDB: Unable to lock ./ibdata1, error: 45
InnoDB: Unable to lock ./ibdata1, error: 45
InnoDB: Unable to lock ./ibdata1, error: 45
InnoDB: Unable to lock ./ibdata1, error: 45
InnoDB: Unable to lock ./ibdata1, error: 45
InnoDB: Unable to lock ./ibdata1, error: 45
InnoDB: Unable to lock ./ibdata1, error: 45
InnoDB: Unable to lock ./ibdata1, error: 45
InnoDB: Unable to lock ./ibdata1, error: 45
InnoDB: Unable to lock ./ibdata1, error: 45
InnoDB: Unable to lock ./ibdata1, error: 45
InnoDB: Unable to lock ./ibdata1, error: 45
InnoDB: Unable to lock ./ibdata1, error: 45
InnoDB: Unable to lock ./ibdata1, error: 45
InnoDB: Unable to lock ./ibdata1, error: 45
InnoDB: Unable to lock ./ibdata1, error: 45
InnoDB: Unable to lock ./ibdata1, error: 45
InnoDB: Unable to lock ./ibdata1, error: 45
InnoDB: Unable to lock ./ibdata1, error: 45
InnoDB: Unable to lock ./ibdata1, error: 45
InnoDB: Unable to lock ./ibdata1, error: 45
InnoDB: Unable to lock ./ibdata1, error: 45
InnoDB: Unable to lock ./ibdata1, error: 45
InnoDB: Unable to lock ./ibdata1, error: 45
InnoDB: Unable to lock ./ibdata1, error: 45
InnoDB: Unable to lock ./ibdata1, error: 45
InnoDB: Unable to lock ./ibdata1, error: 45
160510  0:57:32  InnoDB: Unable to open the first data file
InnoDB: Error in opening ./ibdata1
160510  0:57:32  InnoDB: Operating system error number 45 in a file operation.
InnoDB: Error number 45 means 'Operation not supported'.
InnoDB: Some operating system error numbers are described at
InnoDB: http://dev.mysql.com/doc/refman/5.5/en/operating-system-error-codes.html
160510  0:57:32 InnoDB: Could not open or create data files.
160510  0:57:32 InnoDB: If you tried to add new data files, and it failed here,
160510  0:57:32 InnoDB: you should now edit innodb_data_file_path in my.cnf back
160510  0:57:32 InnoDB: to what it was, and remove the new ibdata files InnoDB created
160510  0:57:32 InnoDB: in this failed attempt. InnoDB only wrote those files full of
160510  0:57:32 InnoDB: zeros, but did not yet use them in any way. But be careful: do not
160510  0:57:32 InnoDB: remove old data files which contain your precious data!
160510  0:57:32 [ERROR] Plugin 'InnoDB' init function returned error.
160510  0:57:32 [ERROR] Plugin 'InnoDB' registration as a STORAGE ENGINE failed.
160510  0:57:32 [ERROR] Unknown/unsupported storage engine: InnoDB
160510  0:57:32 [ERROR] Aborting

160510  0:57:32 [Note] /nfs/2014/a/achazal/camagru/private/mysql/bin/mysqld: Shutdown complete

160510 00:57:32 mysqld_safe mysqld from pid file /nfs/2014/a/achazal/camagru/private/sql_data/e2r1p12.42.fr.pid ended
160510 00:59:01 mysqld_safe Starting mysqld daemon with databases from /nfs/2014/a/achazal/camagru/private/sql_data
160510  0:59:02 [Note] /nfs/2014/a/achazal/camagru/private/mysql/bin/mysqld (mysqld 5.5.49) starting as process 22254 ...
160510  0:59:02 [Note] Plugin 'FEDERATED' is disabled.
160510  0:59:02 InnoDB: The InnoDB memory heap is disabled
160510  0:59:02 InnoDB: Mutexes and rw_locks use GCC atomic builtins
160510  0:59:02 InnoDB: Compressed tables use zlib 1.2.3
160510  0:59:02 InnoDB: Initializing buffer pool, size = 128.0M
160510  0:59:02 InnoDB: Completed initialization of buffer pool
InnoDB: Unable to lock ./ibdata1, error: 45
160510  0:59:02  InnoDB: Retrying to lock the first data file
InnoDB: Unable to lock ./ibdata1, error: 45
InnoDB: Unable to lock ./ibdata1, error: 45
InnoDB: Unable to lock ./ibdata1, error: 45
InnoDB: Unable to lock ./ibdata1, error: 45
InnoDB: Unable to lock ./ibdata1, error: 45
InnoDB: Unable to lock ./ibdata1, error: 45
InnoDB: Unable to lock ./ibdata1, error: 45
InnoDB: Unable to lock ./ibdata1, error: 45
InnoDB: Unable to lock ./ibdata1, error: 45
InnoDB: Unable to lock ./ibdata1, error: 45
InnoDB: Unable to lock ./ibdata1, error: 45
InnoDB: Unable to lock ./ibdata1, error: 45
InnoDB: Unable to lock ./ibdata1, error: 45
InnoDB: Unable to lock ./ibdata1, error: 45
InnoDB: Unable to lock ./ibdata1, error: 45
InnoDB: Unable to lock ./ibdata1, error: 45
InnoDB: Unable to lock ./ibdata1, error: 45
InnoDB: Unable to lock ./ibdata1, error: 45
InnoDB: Unable to lock ./ibdata1, error: 45
InnoDB: Unable to lock ./ibdata1, error: 45
InnoDB: Unable to lock ./ibdata1, error: 45
InnoDB: Unable to lock ./ibdata1, error: 45
InnoDB: Unable to lock ./ibdata1, error: 45
InnoDB: Unable to lock ./ibdata1, error: 45
InnoDB: Unable to lock ./ibdata1, error: 45
InnoDB: Unable to lock ./ibdata1, error: 45
InnoDB: Unable to lock ./ibdata1, error: 45
InnoDB: Unable to lock ./ibdata1, error: 45
InnoDB: Unable to lock ./ibdata1, error: 45
InnoDB: Unable to lock ./ibdata1, error: 45
InnoDB: Unable to lock ./ibdata1, error: 45
InnoDB: Unable to lock ./ibdata1, error: 45
InnoDB: Unable to lock ./ibdata1, error: 45
InnoDB: Unable to lock ./ibdata1, error: 45
InnoDB: Unable to lock ./ibdata1, error: 45
InnoDB: Unable to lock ./ibdata1, error: 45
InnoDB: Unable to lock ./ibdata1, error: 45
InnoDB: Unable to lock ./ibdata1, error: 45
InnoDB: Unable to lock ./ibdata1, error: 45
InnoDB: Unable to lock ./ibdata1, error: 45
InnoDB: Unable to lock ./ibdata1, error: 45
InnoDB: Unable to lock ./ibdata1, error: 45
InnoDB: Unable to lock ./ibdata1, error: 45
InnoDB: Unable to lock ./ibdata1, error: 45
InnoDB: Unable to lock ./ibdata1, error: 45
InnoDB: Unable to lock ./ibdata1, error: 45
InnoDB: Unable to lock ./ibdata1, error: 45
InnoDB: Unable to lock ./ibdata1, error: 45
InnoDB: Unable to lock ./ibdata1, error: 45
InnoDB: Unable to lock ./ibdata1, error: 45
InnoDB: Unable to lock ./ibdata1, error: 45
InnoDB: Unable to lock ./ibdata1, error: 45
InnoDB: Unable to lock ./ibdata1, error: 45
InnoDB: Unable to lock ./ibdata1, error: 45
InnoDB: Unable to lock ./ibdata1, error: 45
InnoDB: Unable to lock ./ibdata1, error: 45
InnoDB: Unable to lock ./ibdata1, error: 45
InnoDB: Unable to lock ./ibdata1, error: 45
InnoDB: Unable to lock ./ibdata1, error: 45
InnoDB: Unable to lock ./ibdata1, error: 45
InnoDB: Unable to lock ./ibdata1, error: 45
InnoDB: Unable to lock ./ibdata1, error: 45
InnoDB: Unable to lock ./ibdata1, error: 45
InnoDB: Unable to lock ./ibdata1, error: 45
InnoDB: Unable to lock ./ibdata1, error: 45
InnoDB: Unable to lock ./ibdata1, error: 45
InnoDB: Unable to lock ./ibdata1, error: 45
InnoDB: Unable to lock ./ibdata1, error: 45
InnoDB: Unable to lock ./ibdata1, error: 45
InnoDB: Unable to lock ./ibdata1, error: 45
InnoDB: Unable to lock ./ibdata1, error: 45
InnoDB: Unable to lock ./ibdata1, error: 45
InnoDB: Unable to lock ./ibdata1, error: 45
InnoDB: Unable to lock ./ibdata1, error: 45
InnoDB: Unable to lock ./ibdata1, error: 45
InnoDB: Unable to lock ./ibdata1, error: 45
InnoDB: Unable to lock ./ibdata1, error: 45
InnoDB: Unable to lock ./ibdata1, error: 45
InnoDB: Unable to lock ./ibdata1, error: 45
InnoDB: Unable to lock ./ibdata1, error: 45
InnoDB: Unable to lock ./ibdata1, error: 45
